2017-06-27 19:28:14 Notice: Deprecated (16384): Using key `action` is deprecated, use `url` directly instead. in [/Applications/MAMP/htdocs/logbook2/vendor/cakephp/cakephp/src/View/Helper/FormHelper.php, line 361]
Request URL: /Gun
Referer URL: http://127.0.0.1/logbook2/Gun
Client IP: 127.0.0.1
Trace:
Cake\Error\BaseErrorHandler::handleError() - CORE/src/Error/BaseErrorHandler.php, line 153
Cake\View\Helper\FormHelper::create() - CORE/src/View/Helper/FormHelper.php, line 361
include - APP/Template/Gun/index.ctp, line 7
Cake\View\View::_evaluate() - CORE/src/View/View.php, line 1025
Cake\View\View::_render() - CORE/src/View/View.php, line 986
Cake\View\View::render() - CORE/src/View/View.php, line 610
Cake\Controller\Controller::render() - CORE/src/Controller/Controller.php, line 623
Cake\Http\ActionDispatcher::_invoke() - CORE/src/Http/ActionDispatcher.php, line 125
Cake\Http\ActionDispatcher::dispatch() - CORE/src/Http/ActionDispatcher.php, line 93
Cake\Routing\Dispatcher::dispatch() - CORE/src/Routing/Dispatcher.php, line 60
[main] - ROOT/webroot/index.php, line 37



2017-06-27 19:28:27 Notice: Deprecated (16384): Using key `action` is deprecated, use `url` directly instead. in [/Applications/MAMP/htdocs/logbook2/vendor/cakephp/cakephp/src/View/Helper/FormHelper.php, line 361]
Request URL: /gun
Referer URL: http://127.0.0.1/logbook2/gun/add
Client IP: 127.0.0.1
Trace:
Cake\Error\BaseErrorHandler::handleError() - CORE/src/Error/BaseErrorHandler.php, line 153
Cake\View\Helper\FormHelper::create() - CORE/src/View/Helper/FormHelper.php, line 361
include - APP/Template/Gun/index.ctp, line 7
Cake\View\View::_evaluate() - CORE/src/View/View.php, line 1025
Cake\View\View::_render() - CORE/src/View/View.php, line 986
Cake\View\View::render() - CORE/src/View/View.php, line 610
Cake\Controller\Controller::render() - CORE/src/Controller/Controller.php, line 623
Cake\Http\ActionDispatcher::_invoke() - CORE/src/Http/ActionDispatcher.php, line 125
Cake\Http\ActionDispatcher::dispatch() - CORE/src/Http/ActionDispatcher.php, line 93
Cake\Routing\Dispatcher::dispatch() - CORE/src/Routing/Dispatcher.php, line 60
[main] - ROOT/webroot/index.php, line 37



